# JRE version: OpenJDK Runtime Environment (8.0_202-b44) (build 1.8.0_202-release-1483-b44)
# Java VM: OpenJDK 64-Bit Server VM (25.202-b44 mixed mode linux-amd64 compressed oops)
Heap:
 par new generation   total 95680K, used 50374K [0x00000000d1200000, 0x00000000d79d0000, 0x00000000e0c00000)
  eden space 85056K,  46% used [0x00000000d1200000, 0x00000000d38d1a90, 0x00000000d6510000)
  from space 10624K, 100% used [0x00000000d6510000, 0x00000000d6f70000, 0x00000000d6f70000)
  to   space 10624K,   0% used [0x00000000d6f70000, 0x00000000d6f70000, 0x00000000d79d0000)
 concurrent mark-sweep generation total 212412K, used 110117K [0x00000000e0c00000, 0x00000000edb6f000, 0x0000000100000000)
 Metaspace       used 336074K, capacity 358025K, committed 358164K, reserved 1357824K
  class space    used 46003K, capacity 50699K, committed 50784K, reserved 1048576K
GC Heap History (10 events):
Event: 7291,617 GC heap before
{Heap before GC invocations=108 (full 7):
 par new generation   total 95680K, used 19495K [0x00000000d1200000, 0x00000000d79d0000, 0x00000000e0c00000)
  eden space 85056K,  21% used [0x00000000d1200000, 0x00000000d238dcd0, 0x00000000d6510000)
  from space 10624K,  14% used [0x00000000d6510000, 0x00000000d668c010, 0x00000000d6f70000)
  to   space 10624K,   0% used [0x00000000d6f70000, 0x00000000d6f70000, 0x00000000d79d0000)
 concurrent mark-sweep generation total 212412K, used 103503K [0x00000000e0c00000, 0x00000000edb6f000, 0x0000000100000000)
 Metaspace       used 311016K, capacity 331407K, committed 331924K, reserved 1333248K
  class space    used 42694K, capacity 47212K, committed 47328K, reserved 1048576K
Event: 7292,298 GC heap after
Heap after GC invocations=109 (full 8):
 par new generation   total 95680K, used 0K [0x00000000d1200000, 0x00000000d79d0000, 0x00000000e0c00000)
  eden space 85056K,   0% used [0x00000000d1200000, 0x00000000d1200000, 0x00000000d6510000)
  from space 10624K,   0% used [0x00000000d6510000, 0x00000000d6510000, 0x00000000d6f70000)
  to   space 10624K,   0% used [0x00000000d6f70000, 0x00000000d6f70000, 0x00000000d79d0000)
 concurrent mark-sweep generation total 212412K, used 91438K [0x00000000e0c00000, 0x00000000edb6f000, 0x0000000100000000)
 Metaspace       used 309901K, capacity 329169K, committed 331924K, reserved 1333248K
  class space    used 42493K, capacity 46839K, committed 47328K, reserved 1048576K
}
Event: 7924,355 GC heap before
{Heap before GC invocations=109 (full 8):
 par new generation   total 95680K, used 85056K [0x00000000d1200000, 0x00000000d79d0000, 0x00000000e0c00000)
  eden space 85056K, 100% used [0x00000000d1200000, 0x00000000d6510000, 0x00000000d6510000)
  from space 10624K,   0% used [0x00000000d6510000, 0x00000000d6510000, 0x00000000d6f70000)
  to   space 10624K,   0% used [0x00000000d6f70000, 0x00000000d6f70000, 0x00000000d79d0000)
 concurrent mark-sweep generation total 212412K, used 91438K [0x00000000e0c00000, 0x00000000edb6f000, 0x0000000100000000)
 Metaspace       used 314063K, capacity 333803K, committed 335892K, reserved 1337344K
  class space    used 42966K, capacity 47374K, committed 47712K, reserved 1048576K
Event: 7924,371 GC heap after
Heap after GC invocations=110 (full 8):
 par new generation   total 95680K, used 5230K [0x00000000d1200000, 0x00000000d79d0000, 0x00000000e0c00000)
  eden space 85056K,   0% used [0x00000000d1200000, 0x00000000d1200000, 0x00000000d6510000)
  from space 10624K,  49% used [0x00000000d6f70000, 0x00000000d748b910, 0x00000000d79d0000)
  to   space 10624K,   0% used [0x00000000d6510000, 0x00000000d6510000, 0x00000000d6f70000)
 concurrent mark-sweep generation total 212412K, used 91438K [0x00000000e0c00000, 0x00000000edb6f000, 0x0000000100000000)
 Metaspace       used 314063K, capacity 333803K, committed 335892K, reserved 1337344K
  class space    used 42966K, capacity 47374K, committed 47712K, reserved 1048576K
}
Event: 7927,557 GC heap before
{Heap before GC invocations=110 (full 8):
 par new generation   total 95680K, used 90286K [0x00000000d1200000, 0x00000000d79d0000, 0x00000000e0c00000)
  eden space 85056K, 100% used [0x00000000d1200000, 0x00000000d6510000, 0x00000000d6510000)
  from space 10624K,  49% used [0x00000000d6f70000, 0x00000000d748b910, 0x00000000d79d0000)
  to   space 10624K,   0% used [0x00000000d6510000, 0x00000000d6510000, 0x00000000d6f70000)
 concurrent mark-sweep generation total 212412K, used 91438K [0x00000000e0c00000, 0x00000000edb6f000, 0x0000000100000000)
 Metaspace       used 320519K, capacity 340837K, committed 342164K, reserved 1343488K
  class space    used 43743K, capacity 48163K, committed 48352K, reserved 1048576K
Event: 7927,571 GC heap after
Heap after GC invocations=111 (full 8):
 par new generation   total 95680K, used 10470K [0x00000000d1200000, 0x00000000d79d0000, 0x00000000e0c00000)
  eden space 85056K,   0% used [0x00000000d1200000, 0x00000000d1200000, 0x00000000d6510000)
  from space 10624K,  98% used [0x00000000d6510000, 0x00000000d6f49838, 0x00000000d6f70000)
  to   space 10624K,   0% used [0x00000000d6f70000, 0x00000000d6f70000, 0x00000000d79d0000)
 concurrent mark-sweep generation total 212412K, used 91438K [0x00000000e0c00000, 0x00000000edb6f000, 0x0000000100000000)
 Metaspace       used 320519K, capacity 340837K, committed 342164K, reserved 1343488K
  class space    used 43743K, capacity 48163K, committed 48352K, reserved 1048576K
}
Event: 7928,876 GC heap before
{Heap before GC invocations=111 (full 8):
 par new generation   total 95680K, used 95526K [0x00000000d1200000, 0x00000000d79d0000, 0x00000000e0c00000)
  eden space 85056K, 100% used [0x00000000d1200000, 0x00000000d6510000, 0x00000000d6510000)
  from space 10624K,  98% used [0x00000000d6510000, 0x00000000d6f49838, 0x00000000d6f70000)
  to   space 10624K,   0% used [0x00000000d6f70000, 0x00000000d6f70000, 0x00000000d79d0000)
 concurrent mark-sweep generation total 212412K, used 91438K [0x00000000e0c00000, 0x00000000edb6f000, 0x0000000100000000)
 Metaspace       used 322846K, capacity 343381K, committed 344084K, reserved 1345536K
  class space    used 43990K, capacity 48389K, committed 48480K, reserved 1048576K
Event: 7928,910 GC heap after
Heap after GC invocations=112 (full 8):
 par new generation   total 95680K, used 9330K [0x00000000d1200000, 0x00000000d79d0000, 0x00000000e0c00000)
  eden space 85056K,   0% used [0x00000000d1200000, 0x00000000d1200000, 0x00000000d6510000)
  from space 10624K,  87% used [0x00000000d6f70000, 0x00000000d788cb10, 0x00000000d79d0000)
  to   space 10624K,   0% used [0x00000000d6510000, 0x00000000d6510000, 0x00000000d6f70000)
 concurrent mark-sweep generation total 212412K, used 99386K [0x00000000e0c00000, 0x00000000edb6f000, 0x0000000100000000)
 Metaspace       used 322846K, capacity 343381K, committed 344084K, reserved 1345536K
  class space    used 43990K, capacity 48389K, committed 48480K, reserved 1048576K
}
Event: 7932,326 GC heap before
{Heap before GC invocations=112 (full 8):
 par new generation   total 95680K, used 94386K [0x00000000d1200000, 0x00000000d79d0000, 0x00000000e0c00000)
  eden space 85056K, 100% used [0x00000000d1200000, 0x00000000d6510000, 0x00000000d6510000)
  from space 10624K,  87% used [0x00000000d6f70000, 0x00000000d788cb10, 0x00000000d79d0000)
  to   space 10624K,   0% used [0x00000000d6510000, 0x00000000d6510000, 0x00000000d6f70000)
 concurrent mark-sweep generation total 212412K, used 99386K [0x00000000e0c00000, 0x00000000edb6f000, 0x0000000100000000)
 Metaspace       used 330868K, capacity 352045K, committed 352532K, reserved 1351680K
  class space    used 45133K, capacity 49725K, committed 49760K, reserved 1048576K
Event: 7932,348 GC heap after
Heap after GC invocations=113 (full 8):
 par new generation   total 95680K, used 10624K [0x00000000d1200000, 0x00000000d79d0000, 0x00000000e0c00000)
  eden space 85056K,   0% used [0x00000000d1200000, 0x00000000d1200000, 0x00000000d6510000)
  from space 10624K, 100% used [0x00000000d6510000, 0x00000000d6f70000, 0x00000000d6f70000)
  to   space 10624K,   0% used [0x00000000d6f70000, 0x00000000d6f70000, 0x00000000d79d0000)
 concurrent mark-sweep generation total 212412K, used 110117K [0x00000000e0c00000, 0x00000000edb6f000, 0x0000000100000000)
 Metaspace       used 330868K, capacity 352045K, committed 352532K, reserved 1351680K
  class space    used 45133K, capacity 49725K, committed 49760K, reserved 1048576K
}

